<?xml version="1.0" encoding="UTF-8"?>
<!-- Generated by org.testng.reporters.JUnitReportReporter -->
<testsuite hostname="hyd-vnarava1" name="com.epam.scenarios.VerifyHomePage" tests="1" failures="0" timestamp="30 Sep 2016 09:35:29 GMT" time="30.450" errors="0">
  <testcase name="navigateToAboutUs" time="30.450" classname="com.epam.scenarios.VerifyHomePage"/>
</testsuite> <!-- com.epam.scenarios.VerifyHomePage -->
